0 info it worked if it ends with ok
1 verbose cli [ '/Users/renatewr/.nvm/versions/node/v7.7.4/bin/node',
1 verbose cli   '/Users/renatewr/.nvm/versions/node/v7.7.4/bin/npm',
1 verbose cli   'start' ]
2 info using npm@4.1.2
3 info using node@v7.7.4
4 verbose run-script [ 'prestart', 'start', 'poststart' ]
5 info lifecycle victor-hugo@1.0.0~prestart: victor-hugo@1.0.0
6 silly lifecycle victor-hugo@1.0.0~prestart: no script for prestart, continuing
7 info lifecycle victor-hugo@1.0.0~start: victor-hugo@1.0.0
8 verbose lifecycle victor-hugo@1.0.0~start: unsafe-perm in lifecycle true
9 verbose lifecycle victor-hugo@1.0.0~start: PATH: /Users/renatewr/.nvm/versions/node/v7.7.4/lib/node_modules/npm/bin/node-gyp-bin:/Users/renatewr/dev/victor-hugo/node_modules/.bin:/Users/renatewr/dev/tools/dev:/Users/renatewr/.nvm/versions/node/v7.7.4/bin:/Users/renatewr/.rbenv/shims:/Users/renatewr/.rbenv/shims:/Users/renatewr/.rvm/gems/ruby-1.9.3-p547/bin:/Users/renatewr/.rvm/gems/ruby-1.9.3-p547@global/bin:/Users/renatewr/.rvm/rubies/ruby-1.9.3-p547/bin:/Users/renatewr/.rvm/bin:/usr/local/bin:/opt/local/bin:/opt/local/sbin:/Users/renatewr/apache-maven-3.3.9/bin:/usr/local/sbin:/Users/renatewr/app/apache-ant-1.7.0/bin:/Library/PostgreSQL/8.4/bin:/Users/renatewr/svn/ikea/tools:/Users/renatewr/svn/ikea/ikea:/Users/renatewr/dev/v3/v3-webapps:/Users/renatewr/app/liquibase-2.0.5-bin:/Library/Java/JavaVirtualMachines/jdk1.8.0_102.jdk/Contents/Home/bin:/Users/renatewr/apache-maven-3.3.9/bin:/usr/local/bin:/usr/bin:/bin:/usr/sbin:/sbin:/opt/X11/bin:/usr/local/mysql/bin:/Users/renatewr/Scripts:/Users/renatewr/.rvm/bin
10 verbose lifecycle victor-hugo@1.0.0~start: CWD: /Users/renatewr/dev/victor-hugo
11 silly lifecycle victor-hugo@1.0.0~start: Args: [ '-c', 'gulp server' ]
12 silly lifecycle victor-hugo@1.0.0~start: Returned: code: 1  signal: null
13 info lifecycle victor-hugo@1.0.0~start: Failed to exec start script
14 verbose stack Error: victor-hugo@1.0.0 start: `gulp server`
14 verbose stack Exit status 1
14 verbose stack     at EventEmitter.<anonymous> (/Users/renatewr/.nvm/versions/node/v7.7.4/lib/node_modules/npm/lib/utils/lifecycle.js:279:16)
14 verbose stack     at emitTwo (events.js:106:13)
14 verbose stack     at EventEmitter.emit (events.js:194:7)
14 verbose stack     at ChildProcess.<anonymous> (/Users/renatewr/.nvm/versions/node/v7.7.4/lib/node_modules/npm/lib/utils/spawn.js:40:14)
14 verbose stack     at emitTwo (events.js:106:13)
14 verbose stack     at ChildProcess.emit (events.js:194:7)
14 verbose stack     at maybeClose (internal/child_process.js:899:16)
14 verbose stack     at Process.ChildProcess._handle.onexit (internal/child_process.js:226:5)
15 verbose pkgid victor-hugo@1.0.0
16 verbose cwd /Users/renatewr/dev/victor-hugo
17 error Darwin 15.6.0
18 error argv "/Users/renatewr/.nvm/versions/node/v7.7.4/bin/node" "/Users/renatewr/.nvm/versions/node/v7.7.4/bin/npm" "start"
19 error node v7.7.4
20 error npm  v4.1.2
21 error code ELIFECYCLE
22 error victor-hugo@1.0.0 start: `gulp server`
22 error Exit status 1
23 error Failed at the victor-hugo@1.0.0 start script 'gulp server'.
23 error Make sure you have the latest version of node.js and npm installed.
23 error If you do, this is most likely a problem with the victor-hugo package,
23 error not with npm itself.
23 error Tell the author that this fails on your system:
23 error     gulp server
23 error You can get information on how to open an issue for this project with:
23 error     npm bugs victor-hugo
23 error Or if that isn't available, you can get their info via:
23 error     npm owner ls victor-hugo
23 error There is likely additional logging output above.
24 verbose exit [ 1, true ]
